<?xml version="1.0" encoding="UTF-8"?>
<!-- Generated by org.testng.reporters.JUnitXMLReporter -->
<testsuite hostname="DESKTOP-HOL3156" ignored="0" name="Test" tests="8" failures="1" timestamp="22 Jul 2021 05:25:41 GMT" time="0.035" errors="0">
  <testcase name="tc0" time="0.0" classname="org.testngadact.Rerun"/>
  <testcase name="tc01" time="0.0" classname="org.testngadact.Rerun"/>
  <testcase name="tc02" time="0.016" classname="org.testngadact.Rerun">
    <skipped/>
  </testcase> <!-- tc02 -->
  <testcase name="tc02" time="0.0" classname="org.testngadact.Rerun">
    <skipped/>
  </testcase> <!-- tc02 -->
  <testcase name="tc02" time="0.0" classname="org.testngadact.Rerun">
    <skipped/>
  </testcase> <!-- tc02 -->
  <testcase name="tc02" time="0.0" classname="org.testngadact.Rerun">
    <skipped/>
  </testcase> <!-- tc02 -->
  <testcase name="tc02" time="0.0" classname="org.testngadact.Rerun">
    <skipped/>
  </testcase> <!-- tc02 -->
  <testcase name="tc02" time="0.0" classname="org.testngadact.Rerun">
    <failure type="java.lang.AssertionError" message="expected [true] but found [false]">
      <![CDATA[java.lang.AssertionError: expected [true] but found [false]
... Removed 30 stack frames]]>
    </failure>
  </testcase> <!-- tc02 -->
</testsuite> <!-- Test -->
